<?xml version="1.0" encoding="UTF-8"?>
<!-- Generated by org.testng.reporters.JUnitReportReporter -->
<testsuite hostname="Baller" failures="0" tests="1" name="fi.TestNgs.AppTest" time="0.004" errors="0" timestamp="2024-12-21T23:25:43 IST" skipped="0">
  <testcase classname="fi.TestNgs.AppTest" name="testApp" time="0.004"/>
  <system-out/>
</testsuite> <!-- fi.TestNgs.AppTest -->
